c:\users\david\documents\tools\furnace256export\build\zlib.dir\debug\vc143.pdb
c:\users\david\documents\tools\furnace256export\build\zlib.dir\debug\zutil.obj
c:\users\david\documents\tools\furnace256export\build\zlib.dir\debug\uncompr.obj
c:\users\david\documents\tools\furnace256export\build\zlib.dir\debug\trees.obj
c:\users\david\documents\tools\furnace256export\build\zlib.dir\debug\inffast.obj
c:\users\david\documents\tools\furnace256export\build\zlib.dir\debug\inftrees.obj
c:\users\david\documents\tools\furnace256export\build\zlib.dir\debug\infback.obj
c:\users\david\documents\tools\furnace256export\build\zlib.dir\debug\inflate.obj
c:\users\david\documents\tools\furnace256export\build\zlib.dir\debug\gzwrite.obj
c:\users\david\documents\tools\furnace256export\build\zlib.dir\debug\gzread.obj
c:\users\david\documents\tools\furnace256export\build\zlib.dir\debug\gzlib.obj
c:\users\david\documents\tools\furnace256export\build\zlib.dir\debug\gzclose.obj
c:\users\david\documents\tools\furnace256export\build\zlib.dir\debug\deflate.obj
c:\users\david\documents\tools\furnace256export\build\zlib.dir\debug\crc32.obj
c:\users\david\documents\tools\furnace256export\build\zlib.dir\debug\compress.obj
c:\users\david\documents\tools\furnace256export\build\zlib.dir\debug\adler32.obj
c:\users\david\documents\tools\furnace256export\build\cmakefiles\generate.stamp
c:\users\david\documents\tools\furnace256export\build\zlib.dir\debug\zlibd.ilk
c:\users\david\documents\tools\furnace256export\build\debug\zlibd.dll
c:\users\david\documents\tools\furnace256export\build\debug\zlibd.pdb
c:\users\david\documents\tools\furnace256export\build\zlib.dir\debug\zlib1.res
c:\users\david\documents\tools\furnace256export\build\debug\zlibd.lib
c:\users\david\documents\tools\furnace256export\build\debug\zlibd.exp
c:\users\david\documents\tools\furnace256export\build\zlib.dir\debug\zlib.tlog\cl.command.1.tlog
c:\users\david\documents\tools\furnace256export\build\zlib.dir\debug\zlib.tlog\cl.read.1.tlog
c:\users\david\documents\tools\furnace256export\build\zlib.dir\debug\zlib.tlog\cl.write.1.tlog
c:\users\david\documents\tools\furnace256export\build\zlib.dir\debug\zlib.tlog\custombuild.command.1.tlog
c:\users\david\documents\tools\furnace256export\build\zlib.dir\debug\zlib.tlog\custombuild.read.1.tlog
c:\users\david\documents\tools\furnace256export\build\zlib.dir\debug\zlib.tlog\custombuild.write.1.tlog
c:\users\david\documents\tools\furnace256export\build\zlib.dir\debug\zlib.tlog\link.command.1.tlog
c:\users\david\documents\tools\furnace256export\build\zlib.dir\debug\zlib.tlog\link.read.1.tlog
c:\users\david\documents\tools\furnace256export\build\zlib.dir\debug\zlib.tlog\link.write.1.tlog
c:\users\david\documents\tools\furnace256export\build\zlib.dir\debug\zlib.tlog\rc.command.1.tlog
c:\users\david\documents\tools\furnace256export\build\zlib.dir\debug\zlib.tlog\rc.read.1.tlog
c:\users\david\documents\tools\furnace256export\build\zlib.dir\debug\zlib.tlog\rc.write.1.tlog
c:\users\david\documents\tools\furnace256export\build\zlib.dir\debug\zlib.tlog\zlib.write.1u.tlog
