The system is: Windows - 10.0.19044 - AMD64
Compiling the C compiler identification source file "CMakeCCompilerId.c" succeeded.
Compiler: C:/Program Files/Microsoft Visual Studio/2022/Community/VC/Tools/MSVC/14.32.31326/bin/Hostx64/x64/cl.exe 
Build flags: 
Id flags:  

The output was:
0
Microsoft (R) C/C++ Optimizing Compiler Version 19.32.31332 for x64
Copyright (C) Microsoft Corporation.  All rights reserved.

CMakeCCompilerId.c
Microsoft (R) Incremental Linker Version 14.32.31332.0
Copyright (C) Microsoft Corporation.  All rights reserved.

/out:CMakeCCompilerId.exe 
CMakeCCompilerId.obj 


Compilation of the C compiler identification source "CMakeCCompilerId.c" produced "CMakeCCompilerId.exe"

Compilation of the C compiler identification source "CMakeCCompilerId.c" produced "CMakeCCompilerId.obj"

The C compiler identification is MSVC, found in "C:/Users/david/Documents/Tools/Furnace256Export/library/zlib-1.2.13/out/build/x64-Debug/CMakeFiles/3.22.22040401-MSVC_2/CompilerIdC/CMakeCCompilerId.exe"

Detecting C compiler ABI info compiled with the following output:
Change Dir: C:/Users/david/Documents/Tools/Furnace256Export/library/zlib-1.2.13/out/build/x64-Debug/CMakeFiles/CMakeTmp

Run Build Command(s):C:/Program Files/Microsoft Visual Studio/2022/Community/Common7/IDE/CommonExtensions/Microsoft/CMake/Ninja/ninja.exe cmTC_a9c2c && [1/2] Building C object CMakeFiles\cmTC_a9c2c.dir\CMakeCCompilerABI.c.obj
[2/2] Linking C executable cmTC_a9c2c.exe



Determining if the include file sys/types.h exists passed with the following output:
Change Dir: C:/Users/david/Documents/Tools/Furnace256Export/library/zlib-1.2.13/out/build/x64-Debug/CMakeFiles/CMakeTmp

Run Build Command(s):C:/Program Files/Microsoft Visual Studio/2022/Community/Common7/IDE/CommonExtensions/Microsoft/CMake/Ninja/ninja.exe cmTC_ae150 && [1/2] Building C object CMakeFiles\cmTC_ae150.dir\CheckIncludeFile.c.obj
[2/2] Linking C executable cmTC_ae150.exe



Determining if the include file stdint.h exists passed with the following output:
Change Dir: C:/Users/david/Documents/Tools/Furnace256Export/library/zlib-1.2.13/out/build/x64-Debug/CMakeFiles/CMakeTmp

Run Build Command(s):C:/Program Files/Microsoft Visual Studio/2022/Community/Common7/IDE/CommonExtensions/Microsoft/CMake/Ninja/ninja.exe cmTC_8196f && [1/2] Building C object CMakeFiles\cmTC_8196f.dir\CheckIncludeFile.c.obj
[2/2] Linking C executable cmTC_8196f.exe



Determining if the include file stddef.h exists passed with the following output:
Change Dir: C:/Users/david/Documents/Tools/Furnace256Export/library/zlib-1.2.13/out/build/x64-Debug/CMakeFiles/CMakeTmp

Run Build Command(s):C:/Program Files/Microsoft Visual Studio/2022/Community/Common7/IDE/CommonExtensions/Microsoft/CMake/Ninja/ninja.exe cmTC_0b8bb && [1/2] Building C object CMakeFiles\cmTC_0b8bb.dir\CheckIncludeFile.c.obj
[2/2] Linking C executable cmTC_0b8bb.exe



