c:\users\david\documents\tools\furnace256export\build\debug\zlibstaticd.pdb
c:\users\david\documents\tools\furnace256export\build\zlibstatic.dir\debug\zutil.obj
c:\users\david\documents\tools\furnace256export\build\zlibstatic.dir\debug\uncompr.obj
c:\users\david\documents\tools\furnace256export\build\zlibstatic.dir\debug\trees.obj
c:\users\david\documents\tools\furnace256export\build\zlibstatic.dir\debug\inffast.obj
c:\users\david\documents\tools\furnace256export\build\zlibstatic.dir\debug\inftrees.obj
c:\users\david\documents\tools\furnace256export\build\zlibstatic.dir\debug\infback.obj
c:\users\david\documents\tools\furnace256export\build\zlibstatic.dir\debug\inflate.obj
c:\users\david\documents\tools\furnace256export\build\zlibstatic.dir\debug\gzwrite.obj
c:\users\david\documents\tools\furnace256export\build\zlibstatic.dir\debug\gzread.obj
c:\users\david\documents\tools\furnace256export\build\zlibstatic.dir\debug\gzlib.obj
c:\users\david\documents\tools\furnace256export\build\zlibstatic.dir\debug\gzclose.obj
c:\users\david\documents\tools\furnace256export\build\zlibstatic.dir\debug\deflate.obj
c:\users\david\documents\tools\furnace256export\build\zlibstatic.dir\debug\crc32.obj
c:\users\david\documents\tools\furnace256export\build\zlibstatic.dir\debug\compress.obj
c:\users\david\documents\tools\furnace256export\build\zlibstatic.dir\debug\adler32.obj
c:\users\david\documents\tools\furnace256export\build\cmakefiles\generate.stamp
c:\users\david\documents\tools\furnace256export\build\debug\zlibstaticd.lib
c:\users\david\documents\tools\furnace256export\build\zlibstatic.dir\debug\zlibstatic.tlog\cl.command.1.tlog
c:\users\david\documents\tools\furnace256export\build\zlibstatic.dir\debug\zlibstatic.tlog\cl.read.1.tlog
c:\users\david\documents\tools\furnace256export\build\zlibstatic.dir\debug\zlibstatic.tlog\cl.write.1.tlog
c:\users\david\documents\tools\furnace256export\build\zlibstatic.dir\debug\zlibstatic.tlog\custombuild.command.1.tlog
c:\users\david\documents\tools\furnace256export\build\zlibstatic.dir\debug\zlibstatic.tlog\custombuild.read.1.tlog
c:\users\david\documents\tools\furnace256export\build\zlibstatic.dir\debug\zlibstatic.tlog\custombuild.write.1.tlog
c:\users\david\documents\tools\furnace256export\build\zlibstatic.dir\debug\zlibstatic.tlog\lib-link.read.1.tlog
c:\users\david\documents\tools\furnace256export\build\zlibstatic.dir\debug\zlibstatic.tlog\lib-link.write.1.tlog
c:\users\david\documents\tools\furnace256export\build\zlibstatic.dir\debug\zlibstatic.tlog\lib.command.1.tlog
